<?xml version="1.0" encoding="UTF-8"?>
<!-- Generated by org.testng.reporters.JUnitReportReporter -->
<testsuite hostname="Amol" failures="0" tests="2" name="com.pom.Pagefactory.Datadriven.TestNG.BaseClass.Utility.LoginTestClass" time="22.437" errors="0" timestamp="2022-03-07T16:03:44 IST" skipped="0">
  <testcase classname="com.pom.Pagefactory.Datadriven.TestNG.BaseClass.Utility.LoginTestClass" name="verificationOfInitials" time="21.703"/>
  <system-out/>
  <testcase classname="com.pom.Pagefactory.Datadriven.TestNG.BaseClass.Utility.LoginTestClass" name="verificationOfLogo" time="0.734"/>
  <system-out/>
</testsuite> <!-- com.pom.Pagefactory.Datadriven.TestNG.BaseClass.Utility.LoginTestClass -->
