<?xml version="1.0" encoding="UTF-8"?>
<!-- Generated by org.testng.reporters.JUnitReportReporter -->
<testsuite hostname="Amol" failures="0" tests="2" name="com.pom.Pagefactory.Datadriven.TestNG.BaseClass.Utility.LisnersProperty.LoginTestClass" time="14.183" errors="0" timestamp="2022-03-07T16:41:31 IST" skipped="0">
  <testcase classname="com.pom.Pagefactory.Datadriven.TestNG.BaseClass.Utility.LisnersProperty.LoginTestClass" name="verificationOfLogo" time="4.566"/>
  <system-out/>
  <testcase classname="com.pom.Pagefactory.Datadriven.TestNG.BaseClass.Utility.LisnersProperty.LoginTestClass" name="verificationOfInitials" time="9.617"/>
  <system-out/>
</testsuite> <!-- com.pom.Pagefactory.Datadriven.TestNG.BaseClass.Utility.LisnersProperty.LoginTestClass -->
