<?xml version="1.0" encoding="UTF-8"?>
<!-- Generated by org.testng.reporters.JUnitReportReporter -->
<testsuite hostname="Amol" failures="0" tests="1" name="com.aspirepune.demo.Sample" time="0.053" errors="0" timestamp="2022-02-20T15:50:04 IST" skipped="0">
  <testcase classname="com.aspirepune.demo.Sample" name="method1" time="0.053"/>
  <system-out>
    <![CDATA[Hiiii]]>
  </system-out>
</testsuite> <!-- com.aspirepune.demo.Sample -->
