<?xml version="1.0" encoding="UTF-8"?>
<!-- Generated by org.testng.reporters.JUnitReportReporter -->
<testsuite hostname="Amol" failures="0" tests="2" name="pomPagefactoryDatadrivenTestNG.LoginTestClass" time="10.514" errors="0" timestamp="2022-03-04T16:34:29 IST" skipped="0">
  <testcase classname="pomPagefactoryDatadrivenTestNG.LoginTestClass" name="verificationOfInitials" time="10.162"/>
  <system-out/>
  <testcase classname="pomPagefactoryDatadrivenTestNG.LoginTestClass" name="verificationOfLogo" time="0.352"/>
  <system-out/>
</testsuite> <!-- pomPagefactoryDatadrivenTestNG.LoginTestClass -->
